<?xml version="1.0" encoding="UTF-8" ?>
<testsuite tests="3" failures="0" name="com.sogn.test.ParseDataToFileElementMRTest" time="0.096" errors="0" skipped="0">
  <properties>
[...]
</properties>
  <testcase classname="com.sogn.test.ParseDataToFileElementMRTest" name="testMapper" time="0.096"/>
  <testcase classname="com.sogn.test.ParseDataToFileElementMRTest" name="testReducer" time="0"/>
  <testcase classname="com.sogn.test.ParseDataToFileElementMRTest" name="testMapReducer" time="0"/>
</testsuite>